<?xml version="1.0" encoding="UTF-8"?>
<!-- Generated by org.testng.reporters.JUnitReportReporter -->
<testsuite hostname="hvlkrsclarus" failures="0" tests="3" name="mpack.SecondTest" time="2.882" errors="0" timestamp="2023-09-06T19:53:54 CEST" skipped="0">
  <testcase classname="mpack.SecondTest" name="test3" time="1.247"/>
  <system-out/>
  <testcase classname="mpack.SecondTest" name="test1" time="1.024"/>
  <system-out/>
  <testcase classname="mpack.SecondTest" name="test2" time="0.611"/>
  <system-out/>
</testsuite> <!-- mpack.SecondTest -->
