<?xml version="1.0" encoding="UTF-8"?>
<!-- Generated by org.testng.reporters.JUnitReportReporter -->
<testsuite hostname="hvlkrsclarus" failures="0" tests="1" name="mpack.FirstTest" time="3.328" errors="0" timestamp="2023-09-06T20:49:26 CEST" skipped="0">
  <testcase classname="mpack.FirstTest" name="mOne" time="3.328"/>
  <system-out/>
</testsuite> <!-- mpack.FirstTest -->
